<?xml version="1.0" encoding="UTF-8"?>
<testsuite xmlns:xsi="http://www.w3.org/2001/XMLSchema-instance" xsi:noNamespaceSchemaLocation="https://maven.apache.org/surefire/maven-surefire-plugin/xsd/surefire-test-report-3.0.xsd" version="3.0" name="com.luv2code.springdemo.mvc.ValidationdemoApplicationTests" time="2.144" tests="1" errors="0" skipped="0" failures="0">
  <properties>
[...]
</properties>
  <testcase name="contextLoads" classname="com.luv2code.springdemo.mvc.ValidationdemoApplicationTests" time="0.667">
    <system-out><![CDATA[09:42:23.516 [main] INFO org.springframework.test.context.support.AnnotationConfigContextLoaderUtils -- Could not detect default configuration classes for test class [com.luv2code.springdemo.mvc.ValidationdemoApplicationTests]: ValidationdemoApplicationTests does not declare any static, non-private, non-final, nested classes annotated with @Configuration.
09:42:23.609 [main] INFO org.springframework.boot.test.context.SpringBootTestContextBootstrapper -- Found @SpringBootConfiguration com.luv2code.springdemo.mvc.ValidationdemoApplication for test class com.luv2code.springdemo.mvc.ValidationdemoApplicationTests

  .   ____          _            __ _ _
 /\\ / ___'_ __ _ _(_)_ __  __ _ \ \ \ \
( ( )\___ | '_ | '_| | '_ \/ _` | \ \ \ \
 \\/  ___)| |_)| | | | | || (_| |  ) ) ) )
  '  |____| .__|_| |_|_| |_\__, | / / / /
 =========|_|==============|___/=/_/_/_/
 :: Spring Boot ::                (v3.1.4)

2023-10-17T09:42:23.932+07:00  INFO 13178 --- [           main] c.l.s.m.ValidationdemoApplicationTests   : Starting ValidationdemoApplicationTests using Java 21 with PID 13178 (started by hcm-mki-l2077 in /home/hcm-mki-l2077/dev-spring-boot/spring-mvc/validationdemo)
2023-10-17T09:42:23.933+07:00  INFO 13178 --- [           main] c.l.s.m.ValidationdemoApplicationTests   : No active profile set, falling back to 1 default profile: "default"
2023-10-17T09:42:24.784+07:00  WARN 13178 --- [           main] ion$DefaultTemplateResolverConfiguration : Cannot find template location: classpath:/templates/ (please add some templates, check your Thymeleaf configuration, or set spring.thymeleaf.check-template-location=false)
2023-10-17T09:42:24.819+07:00  INFO 13178 --- [           main] c.l.s.m.ValidationdemoApplicationTests   : Started ValidationdemoApplicationTests in 1.101 seconds (process running for 1.883)
]]></system-out>
    <system-err><![CDATA[WARNING: A Java agent has been loaded dynamically (/home/hcm-mki-l2077/.m2/repository/net/bytebuddy/byte-buddy-agent/1.14.8/byte-buddy-agent-1.14.8.jar)
WARNING: If a serviceability tool is in use, please run with -XX:+EnableDynamicAgentLoading to hide this warning
WARNING: If a serviceability tool is not in use, please run with -Djdk.instrument.traceUsage for more information
WARNING: Dynamic loading of agents will be disallowed by default in a future release
]]></system-err>
  </testcase>
</testsuite>